Assembler report for decoder2_4
Sat Mar 06 18:27:45 2021
Quartus Prime Version 18.0.0 Build 614 04/24/2018 SJ Lite Edition


---------------------
; Table of Contents ;
---------------------
  1. Legal Notice
  2. Assembler Summary
  3. Assembler Settings
  4. Assembler Generated Files
  5. Assembler Device Options: D:/Maven Silicon/Practicals/Verilog_Lab_Solutions/lab3. 2_4decoder(dataflow)/synth/output_files/decoder2_4.sof
  6. Assembler Messages



----------------
; Legal Notice ;
----------------
Copyright (C) 2018  Intel Corporation. All rights reserved.
Your use of Intel Corporation's design tools, logic functions 
and other software and tools, and its AMPP partner logic 
functions, and any output files from any of the foregoing 
(including device programming or simulation files), and any 
associated documentation or information are expressly subject 
to the terms and conditions of the Intel Program License 
Subscription Agreement, the Intel Quartus Prime License Agreement,
the Intel FPGA IP License Agreement, or other applicable license
agreement, including, without limitation, that your use is for
the sole purpose of programming logic devices manufactured by
Intel and sold by Intel or its authorized distributors.  Please
refer to the applicable agreement for further details.



+---------------------------------------------------------------+
; Assembler Summary                                             ;
+-----------------------+---------------------------------------+
; Assembler Status      ; Successful - Sat Mar 06 18:27:45 2021 ;
; Revision Name         ; decoder2_4                            ;
; Top-level Entity Name ; decoder2_4                            ;
; Family                ; Cyclone V                             ;
; Device                ; 5CGXFC7C7F23C8                        ;
+-----------------------+---------------------------------------+


+----------------------------------+
; Assembler Settings               ;
+--------+---------+---------------+
; Option ; Setting ; Default Value ;
+--------+---------+---------------+


+----------------------------------------------------------------------------------------------------------------+
; Assembler Generated Files                                                                                      ;
+----------------------------------------------------------------------------------------------------------------+
; File Name                                                                                                      ;
+----------------------------------------------------------------------------------------------------------------+
; D:/Maven Silicon/Practicals/Verilog_Lab_Solutions/lab3. 2_4decoder(dataflow)/synth/output_files/decoder2_4.sof ;
+----------------------------------------------------------------------------------------------------------------+


+------------------------------------------------------------------------------------------------------------------------------------------+
; Assembler Device Options: D:/Maven Silicon/Practicals/Verilog_Lab_Solutions/lab3. 2_4decoder(dataflow)/synth/output_files/decoder2_4.sof ;
+----------------+-------------------------------------------------------------------------------------------------------------------------+
; Option         ; Setting                                                                                                                 ;
+----------------+-------------------------------------------------------------------------------------------------------------------------+
; JTAG usercode  ; 0x00EC3CCD                                                                                                              ;
; Checksum       ; 0x00EC3CCD                                                                                                              ;
+----------------+-------------------------------------------------------------------------------------------------------------------------+


+--------------------+
; Assembler Messages ;
+--------------------+
Info: *******************************************************************
Info: Running Quartus Prime Assembler
    Info: Version 18.0.0 Build 614 04/24/2018 SJ Lite Edition
    Info: Processing started: Sat Mar 06 18:27:34 2021
Info: Command: quartus_asm --read_settings_files=off --write_settings_files=off decoder2_4 -c decoder2_4
Warning (18236): Number of processors has not been specified which may cause overloading on shared machines.  Set the global assignment NUM_PARALLEL_PROCESSORS in your QSF to an appropriate value for best performance.
Info (115030): Assembler is generating device programming files
Info: Quartus Prime Assembler was successful. 0 errors, 1 warning
    Info: Peak virtual memory: 4826 megabytes
    Info: Processing ended: Sat Mar 06 18:27:45 2021
    Info: Elapsed time: 00:00:11
    Info: Total CPU time (on all processors): 00:00:09


